Determining if the pthread_create exist failed with the following output:
Change Dir: /home/garza/Desktop/MydataBase/cmake-build-debug/CMakeFiles/CMakeTmp

Run Build Command(s):/usr/bin/make cmTC_8fa40/fast 
/usr/bin/make -f CMakeFiles/cmTC_8fa40.dir/build.make CMakeFiles/cmTC_8fa40.dir/build
make[1]: Entering directory '/home/garza/Desktop/MydataBase/cmake-build-debug/CMakeFiles/CMakeTmp'
Building C object CMakeFiles/cmTC_8fa40.dir/CheckSymbolExists.c.o
/usr/bin/cc    -o CMakeFiles/cmTC_8fa40.dir/CheckSymbolExists.c.o   -c /home/garza/Desktop/MydataBase/cmake-build-debug/CMakeFiles/CMakeTmp/CheckSymbolExists.c
Linking C executable cmTC_8fa40
/opt/clion-2019.1.4/bin/cmake/linux/bin/cmake -E cmake_link_script CMakeFiles/cmTC_8fa40.dir/link.txt --verbose=1
/usr/bin/cc      -rdynamic CMakeFiles/cmTC_8fa40.dir/CheckSymbolExists.c.o  -o cmTC_8fa40 
CMakeFiles/cmTC_8fa40.dir/CheckSymbolExists.c.o: In function `main':
CheckSymbolExists.c:(.text+0x1b): undefined reference to `pthread_create'
collect2: error: ld returned 1 exit status
CMakeFiles/cmTC_8fa40.dir/build.make:86: recipe for target 'cmTC_8fa40' failed
make[1]: *** [cmTC_8fa40] Error 1
make[1]: Leaving directory '/home/garza/Desktop/MydataBase/cmake-build-debug/CMakeFiles/CMakeTmp'
Makefile:121: recipe for target 'cmTC_8fa40/fast' failed
make: *** [cmTC_8fa40/fast] Error 2

File /home/garza/Desktop/MydataBase/cmake-build-debug/CMakeFiles/CMakeTmp/CheckSymbolExists.c:
/* */
#include <pthread.h>

int main(int argc, char** argv)
{
  (void)argv;
#ifndef pthread_create
  return ((int*)(&pthread_create))[argc];
#else
  (void)argc;
  return 0;
#endif
}

Determining if the function pthread_create exists in the pthreads failed with the following output:
Change Dir: /home/garza/Desktop/MydataBase/cmake-build-debug/CMakeFiles/CMakeTmp

Run Build Command(s):/usr/bin/make cmTC_0955c/fast 
/usr/bin/make -f CMakeFiles/cmTC_0955c.dir/build.make CMakeFiles/cmTC_0955c.dir/build
make[1]: Entering directory '/home/garza/Desktop/MydataBase/cmake-build-debug/CMakeFiles/CMakeTmp'
Building C object CMakeFiles/cmTC_0955c.dir/CheckFunctionExists.c.o
/usr/bin/cc   -DCHECK_FUNCTION_EXISTS=pthread_create   -o CMakeFiles/cmTC_0955c.dir/CheckFunctionExists.c.o   -c /opt/clion-2019.1.4/bin/cmake/linux/share/cmake-3.14/Modules/CheckFunctionExists.c
Linking C executable cmTC_0955c
/opt/clion-2019.1.4/bin/cmake/linux/bin/cmake -E cmake_link_script CMakeFiles/cmTC_0955c.dir/link.txt --verbose=1
/usr/bin/cc  -DCHECK_FUNCTION_EXISTS=pthread_create    -rdynamic CMakeFiles/cmTC_0955c.dir/CheckFunctionExists.c.o  -o cmTC_0955c -lpthreads 
/usr/bin/ld: cannot find -lpthreads
collect2: error: ld returned 1 exit status
CMakeFiles/cmTC_0955c.dir/build.make:86: recipe for target 'cmTC_0955c' failed
make[1]: *** [cmTC_0955c] Error 1
make[1]: Leaving directory '/home/garza/Desktop/MydataBase/cmake-build-debug/CMakeFiles/CMakeTmp'
Makefile:121: recipe for target 'cmTC_0955c/fast' failed
make: *** [cmTC_0955c/fast] Error 2


